e:\vs\projects\cms\cms\cms\x64\release\main.obj
e:\vs\projects\cms\cms\cms\x64\release\cmsstyle.obj
e:\vs\projects\cms\cms\cms\x64\release\moc_cms.obj
e:\vs\projects\cms\cms\cms\x64\release\cmonitorrsp.obj
e:\vs\projects\cms\cms\cms\x64\release\rspdlg.obj
e:\vs\projects\cms\cms\cms\x64\release\monitormanage.obj
e:\vs\projects\cms\cms\cms\x64\release\moc_monitormanage.obj
e:\vs\projects\cms\cms\cms\x64\release\density.obj
e:\vs\projects\cms\cms\cms\x64\release\moc_rspdlg.obj
e:\vs\projects\cms\cms\cms\x64\release\cms.obj
e:\vs\projects\cms\cms\cms\x64\release\lk.obj
e:\vs\projects\cms\cms\cms\x64\release\polylines.obj
e:\vs\projects\cms\cms\cms\x64\release\qrc_cms.obj
e:\vs\projects\cms\cms\cms\generatedfiles\release\moc_cms.cpp
e:\vs\projects\cms\cms\cms\generatedfiles\release\moc_monitormanage.cpp
e:\vs\projects\cms\cms\cms\generatedfiles\release\moc_rspdlg.cpp
e:\vs\projects\cms\cms\cms\generatedfiles\qrc_cms.cpp
e:\vs\projects\cms\cms\cms\generatedfiles\ui_cms.h
e:\vs\projects\cms\cms\cms\generatedfiles\ui_monitormanage.h
e:\vs\projects\cms\cms\cms\generatedfiles\ui_rspdlg.h
e:\vs\projects\cms\cms\x64\release\cms.exe
e:\vs\projects\cms\cms\cms\x64\release\json_value.asm
e:\vs\projects\cms\cms\cms\x64\release\json_reader.asm
e:\vs\projects\cms\cms\cms\x64\release\json_writer.asm
e:\vs\projects\cms\cms\cms\.\generatedfiles\release\moc_cms.cpp
e:\vs\projects\cms\cms\cms\.\generatedfiles\release\moc_monitormanage.cpp
e:\vs\projects\cms\cms\cms\.\generatedfiles\release\moc_rspdlg.cpp
e:\vs\projects\cms\cms\cms\.\generatedfiles\qrc_cms.cpp
e:\vs\projects\cms\cms\cms\.\generatedfiles\ui_cms.h
e:\vs\projects\cms\cms\cms\.\generatedfiles\ui_monitormanage.h
e:\vs\projects\cms\cms\cms\.\generatedfiles\ui_rspdlg.h
e:\vs\projects\cms\cms\cms\x64\release\cms.res
e:\vs\projects\cms\cms\cms\x64\release\cms.tlog\cl.command.1.tlog
e:\vs\projects\cms\cms\cms\x64\release\cms.tlog\cl.read.1.tlog
e:\vs\projects\cms\cms\cms\x64\release\cms.tlog\cl.write.1.tlog
e:\vs\projects\cms\cms\cms\x64\release\cms.tlog\cms.write.1u.tlog
e:\vs\projects\cms\cms\cms\x64\release\cms.tlog\link.command.1.tlog
e:\vs\projects\cms\cms\cms\x64\release\cms.tlog\link.read.1.tlog
e:\vs\projects\cms\cms\cms\x64\release\cms.tlog\link.write.1.tlog
e:\vs\projects\cms\cms\cms\x64\release\cms.tlog\qtmoc.read.1u.tlog
e:\vs\projects\cms\cms\cms\x64\release\cms.tlog\qtmoc.write.1u.tlog
e:\vs\projects\cms\cms\cms\x64\release\cms.tlog\qtrcc.read.1u.tlog
e:\vs\projects\cms\cms\cms\x64\release\cms.tlog\qtrcc.write.1u.tlog
e:\vs\projects\cms\cms\cms\x64\release\cms.tlog\qtuic.read.1u.tlog
e:\vs\projects\cms\cms\cms\x64\release\cms.tlog\qtuic.write.1u.tlog
e:\vs\projects\cms\cms\cms\x64\release\cms.tlog\rc.command.1.tlog
e:\vs\projects\cms\cms\cms\x64\release\cms.tlog\rc.read.1.tlog
e:\vs\projects\cms\cms\cms\x64\release\cms.tlog\rc.write.1.tlog
