e:\vs\projects\cms\cms\cms\x64\debug\polylines.obj
e:\vs\projects\cms\cms\cms\x64\debug\moc_rspdlg.obj
e:\vs\projects\cms\cms\cms\x64\debug\cms.obj
e:\vs\projects\cms\cms\cms\x64\debug\lk.obj
e:\vs\projects\cms\cms\cms\x64\debug\qrc_cms.obj
e:\vs\projects\cms\cms\cms\x64\debug\cmonitorrsp.obj
e:\vs\projects\cms\cms\cms\x64\debug\rspdlg.obj
e:\vs\projects\cms\cms\cms\x64\debug\density.obj
e:\vs\projects\cms\cms\cms\x64\debug\cmsstyle.obj
e:\vs\projects\cms\cms\cms\x64\debug\moc_cms.obj
e:\vs\projects\cms\cms\cms\x64\debug\main.obj
e:\vs\projects\cms\cms\cms\x64\debug\monitormanage.obj
e:\vs\projects\cms\cms\cms\x64\debug\moc_monitormanage.obj
e:\vs\projects\cms\cms\cms\x64\debug\vc140.pdb
e:\vs\projects\cms\cms\cms\generatedfiles\debug\moc_cms.cpp
e:\vs\projects\cms\cms\cms\generatedfiles\debug\moc_monitormanage.cpp
e:\vs\projects\cms\cms\cms\generatedfiles\debug\moc_rspdlg.cpp
e:\vs\projects\cms\cms\cms\generatedfiles\qrc_cms.cpp
e:\vs\projects\cms\cms\cms\generatedfiles\ui_cms.h
e:\vs\projects\cms\cms\cms\generatedfiles\ui_monitormanage.h
e:\vs\projects\cms\cms\cms\generatedfiles\ui_rspdlg.h
e:\vs\projects\cms\cms\cms\.\generatedfiles\debug\moc_cms.cpp
e:\vs\projects\cms\cms\cms\.\generatedfiles\debug\moc_monitormanage.cpp
e:\vs\projects\cms\cms\cms\.\generatedfiles\debug\moc_rspdlg.cpp
e:\vs\projects\cms\cms\cms\.\generatedfiles\qrc_cms.cpp
e:\vs\projects\cms\cms\cms\.\generatedfiles\ui_cms.h
e:\vs\projects\cms\cms\cms\.\generatedfiles\ui_monitormanage.h
e:\vs\projects\cms\cms\cms\.\generatedfiles\ui_rspdlg.h
e:\vs\projects\cms\cms\cms\x64\debug\cms.res
e:\vs\projects\cms\cms\cms\x64\debug\cms.tlog\cl.command.1.tlog
e:\vs\projects\cms\cms\cms\x64\debug\cms.tlog\cl.read.1.tlog
e:\vs\projects\cms\cms\cms\x64\debug\cms.tlog\cl.write.1.tlog
e:\vs\projects\cms\cms\cms\x64\debug\cms.tlog\cms.write.1u.tlog
e:\vs\projects\cms\cms\cms\x64\debug\cms.tlog\link.command.1.tlog
e:\vs\projects\cms\cms\cms\x64\debug\cms.tlog\link.read.1.tlog
e:\vs\projects\cms\cms\cms\x64\debug\cms.tlog\link.write.1.tlog
e:\vs\projects\cms\cms\cms\x64\debug\cms.tlog\qtmoc.read.1u.tlog
e:\vs\projects\cms\cms\cms\x64\debug\cms.tlog\qtmoc.write.1u.tlog
e:\vs\projects\cms\cms\cms\x64\debug\cms.tlog\qtrcc.read.1u.tlog
e:\vs\projects\cms\cms\cms\x64\debug\cms.tlog\qtrcc.write.1u.tlog
e:\vs\projects\cms\cms\cms\x64\debug\cms.tlog\qtuic.read.1u.tlog
e:\vs\projects\cms\cms\cms\x64\debug\cms.tlog\qtuic.write.1u.tlog
e:\vs\projects\cms\cms\cms\x64\debug\cms.tlog\rc.command.1.tlog
e:\vs\projects\cms\cms\cms\x64\debug\cms.tlog\rc.read.1.tlog
e:\vs\projects\cms\cms\cms\x64\debug\cms.tlog\rc.write.1.tlog
